[2025-09-20T13:34:33.465Z] [INFO] Обработка команды /start для пользователя 1147849296
[2025-09-20T13:34:38.070Z] [INFO] Администратор запросил сброс прогресса | { userId: 1147849296, username: 'GeekLS', firstName: 'Stanislav' }
[2025-09-20T13:34:48.173Z] [INFO] Обработка команды /start для пользователя 7644957461
[2025-09-20T13:34:48.377Z] [INFO] Команда /start от пользователя 7644957461 | { username: undefined, first_name: 'Geek' }
[2025-09-20T13:34:49.884Z] [INFO] Команда /start от пользователя 7644957461 | { username: undefined, first_name: 'Geek' }
[2025-09-20T13:39:08.337Z] [INFO] Обработка команды /start для пользователя 7644957461
[2025-09-20T13:39:53.484Z] [INFO] Администратор запросил сброс прогресса | { userId: 1147849296, username: 'GeekLS', firstName: 'Stanislav' }
[2025-09-20T13:39:59.113Z] [INFO] Обработка команды /start для пользователя 7644957461
[2025-09-20T13:42:32.206Z] [INFO] Обработка команды /start для пользователя 7644957461
[2025-09-20T13:42:32.399Z] [INFO] Команда /start от пользователя 7644957461 | { username: undefined, first_name: 'Geek' }
[2025-09-20T13:42:33.762Z] [INFO] Команда /start от пользователя 7644957461 | { username: undefined, first_name: 'Geek' }
[2025-09-20T13:42:42.433Z] [INFO] Обработка команды /start для пользователя 1147849296
[2025-09-20T13:42:42.537Z] [INFO] Команда /start от пользователя 1147849296 | { username: 'GeekLS', first_name: 'Stanislav' }
[2025-09-20T13:42:43.969Z] [INFO] Команда /start от пользователя 1147849296 | { username: 'GeekLS', first_name: 'Stanislav' }
[2025-09-20T13:43:16.306Z] [INFO] Обработка команды /start для пользователя 1147849296
[2025-09-20T13:43:47.078Z] [INFO] Обработка команды /start для пользователя 1147849296
[2025-09-20T13:44:01.753Z] [INFO] Обработка команды /start для пользователя 7644957461
[2025-09-20T14:06:42.209Z] [INFO] Обработка команды /start для пользователя 1147849296
[2025-09-20T14:07:07.808Z] [WARN] Приз за 4 точек уже был выдан команде Хабенские
[2025-09-20T14:07:49.521Z] [WARN] Приз за 8 точек уже был выдан команде Хабенские
[2025-09-20T14:08:06.366Z] [WARN] Приз за 10 точек уже был выдан команде Хабенские
[2025-09-20T14:10:17.910Z] [INFO] Администратор запросил сброс прогресса | { userId: 1147849296, username: 'GeekLS', firstName: 'Stanislav' }
[2025-09-20T14:10:24.309Z] [INFO] Обработка команды /start для пользователя 1147849296
[2025-09-20T14:10:24.463Z] [INFO] Команда /start от пользователя 1147849296 | { username: 'GeekLS', first_name: 'Stanislav' }
[2025-09-20T14:10:31.109Z] [INFO] Обработка команды /start для пользователя 7644957461
[2025-09-20T14:10:31.208Z] [INFO] Команда /start от пользователя 7644957461 | { username: undefined, first_name: 'Geek' }
[2025-09-20T16:35:49.334Z] [INFO] Обработка команды /start для пользователя 863909091
[2025-09-20T16:35:49.453Z] [INFO] Команда /start от пользователя 863909091 | { username: undefined, first_name: 'Anastasia' }
[2025-09-20T16:35:56.976Z] [INFO] Команда /start от пользователя 863909091 | { username: undefined, first_name: 'Anastasia' }
[2025-09-20T16:43:39.914Z] [INFO] Обработка команды /start для пользователя 1147849296
[2025-09-20T16:43:40.014Z] [INFO] Команда /start от пользователя 1147849296 | { username: 'GeekLS', first_name: 'Stanislav' }
[2025-09-20T16:43:41.495Z] [INFO] Команда /start от пользователя 1147849296 | { username: 'GeekLS', first_name: 'Stanislav' }
[2025-09-20T16:45:02.448Z] [INFO] Обработка команды /start для пользователя 1147849296
[2025-09-20T16:46:16.888Z] [WARN] Приз за 4 точек уже был выдан команде Хабенские
[2025-09-20T16:46:53.225Z] [WARN] Приз за 8 точек уже был выдан команде Хабенские
[2025-09-20T16:47:07.381Z] [WARN] Приз за 10 точек уже был выдан команде Хабенские
[2025-09-21T07:20:27.697Z] [INFO] Администратор запросил сброс прогресса | { userId: 1147849296, username: 'GeekLS', firstName: 'Stanislav' }
[2025-09-21T07:20:44.677Z] [INFO] Обработка команды /start для пользователя 1147849296
[2025-09-21T07:20:44.778Z] [INFO] Команда /start от пользователя 1147849296 | { username: 'GeekLS', first_name: 'Stanislav' }
[2025-09-21T07:20:54.296Z] [INFO] Обработка команды /start для пользователя 1147849296
[2025-09-21T07:20:54.467Z] [INFO] Команда /start от пользователя 1147849296 | { username: 'GeekLS', first_name: 'Stanislav' }
[2025-09-21T07:21:10.932Z] [INFO] Обработка команды /start для пользователя 7644957461
[2025-09-21T07:21:11.037Z] [INFO] Команда /start от пользователя 7644957461 | { username: undefined, first_name: 'Geek' }
[2025-09-21T07:21:15.514Z] [INFO] Обработка команды /start для пользователя 7644957461
[2025-09-21T07:21:15.656Z] [INFO] Команда /start от пользователя 7644957461 | { username: undefined, first_name: 'Geek' }
[2025-09-21T08:22:00.567Z] [INFO] Обработка команды /start для пользователя 861038757
[2025-09-21T08:22:00.677Z] [INFO] Команда /start от пользователя 861038757 | { username: 'achasovskih', first_name: 'Часовских' }
[2025-09-21T08:22:12.620Z] [INFO] Обработка команды /start для пользователя 5381143208
[2025-09-21T08:22:12.728Z] [INFO] Команда /start от пользователя 5381143208 | { username: 'yobzhikvtumane', first_name: 'Даниил' }
[2025-09-21T08:22:17.109Z] [INFO] Команда /start от пользователя 861038757 | { username: 'achasovskih', first_name: 'Часовских' }
[2025-09-21T08:22:37.427Z] [INFO] Обработка команды /start для пользователя 988718337
[2025-09-21T08:22:37.532Z] [INFO] Команда /start от пользователя 988718337 | { username: 'Historioitsija', first_name: 'Исторический' }
[2025-09-21T08:22:40.553Z] [INFO] Команда /start от пользователя 5381143208 | { username: 'yobzhikvtumane', first_name: 'Даниил' }
[2025-09-21T08:22:50.545Z] [INFO] Команда /start от пользователя 988718337 | { username: 'Historioitsija', first_name: 'Исторический' }
[2025-09-21T08:38:47.174Z] [INFO] Обработка команды /start для пользователя 1147849296
[2025-09-21T08:38:47.276Z] [INFO] Команда /start от пользователя 1147849296 | { username: 'GeekLS', first_name: 'Stanislav' }
[2025-09-21T08:45:53.680Z] [WARN] Приз за 4 точек уже был выдан команде Тайна кинокока
[2025-09-21T08:48:13.667Z] [INFO] Обработка команды /start для пользователя 1147849296
[2025-09-21T08:48:13.766Z] [INFO] Команда /start от пользователя 1147849296 | { username: 'GeekLS', first_name: 'Stanislav' }
[2025-09-21T08:52:00.912Z] [INFO] Обработка команды /start для пользователя 863909091
[2025-09-21T08:52:01.131Z] [INFO] Команда /start от пользователя 863909091 | { username: undefined, first_name: 'Anastasia' }
[2025-09-21T08:52:03.672Z] [INFO] Команда /start от пользователя 863909091 | { username: undefined, first_name: 'Anastasia' }
[2025-09-21T08:52:40.830Z] [INFO] Обработка команды /start для пользователя 863909091
[2025-09-21T08:58:20.582Z] [WARN] Приз за 4 точек уже был выдан команде Тайна кинокока
[2025-09-21T09:13:01.927Z] [WARN] Приз за 4 точек уже был выдан команде Тайна кинокока
[2025-09-21T09:19:53.393Z] [WARN] Приз за 8 точек уже был выдан команде Клуб 'Красная таблетка'
[2025-09-21T09:25:43.749Z] [INFO] Обработка команды /start для пользователя 988718337
[2025-09-21T09:34:15.959Z] [INFO] Обработка команды /start для пользователя 1147849296
[2025-09-21T09:34:16.060Z] [INFO] Команда /start от пользователя 1147849296 | { username: 'GeekLS', first_name: 'Stanislav' }
[2025-09-21T09:36:09.190Z] [WARN] Приз за 10 точек уже был выдан команде Клуб 'Красная таблетка'
[2025-09-21T09:41:28.155Z] [WARN] Приз за 8 точек уже был выдан команде Клуб 'Красная таблетка'
[2025-09-21T09:59:54.581Z] [WARN] Приз за 8 точек уже был выдан команде Клуб 'Красная таблетка'
[2025-09-21T10:00:54.007Z] [WARN] Приз за 10 точек уже был выдан команде Клуб 'Красная таблетка'
[2025-09-21T10:14:25.440Z] [INFO] Обработка команды /start для пользователя 1147849296
[2025-09-21T10:14:25.545Z] [INFO] Команда /start от пользователя 1147849296 | { username: 'GeekLS', first_name: 'Stanislav' }
[2025-09-21T10:19:09.453Z] [WARN] Приз за 10 точек уже был выдан команде Клуб 'Красная таблетка'
[2025-09-21T10:35:46.380Z] [INFO] Обработка команды /start для пользователя 606546202
[2025-09-21T10:42:48.224Z] [INFO] Обработка команды /start для пользователя 1147849296
[2025-09-21T10:42:48.363Z] [INFO] Команда /start от пользователя 1147849296 | { username: 'GeekLS', first_name: 'Stanislav' }
[2025-09-21T11:09:24.159Z] [INFO] Обработка команды /start для пользователя 260481102
[2025-09-21T11:29:33.070Z] [INFO] Обработка команды /start для пользователя 1147849296
[2025-09-21T11:29:33.169Z] [INFO] Команда /start от пользователя 1147849296 | { username: 'GeekLS', first_name: 'Stanislav' }
[2025-09-21T12:02:24.956Z] [INFO] Обработка команды /start для пользователя 1147849296
[2025-09-21T12:02:25.060Z] [INFO] Команда /start от пользователя 1147849296 | { username: 'GeekLS', first_name: 'Stanislav' }
